Received PeerRequest, sending list!

----------Processing ArchiveResponse!---------
Number of chats: 98
Content of archive received:
----------Done processing ArchiveResponse!----------

Received PeerRequest, sending list!
Received ArchiveRequest!
Sending archive!
Received PeerRequest, sending list!
Received ArchiveRequest!
Sending archive!
Unknown msg type, ignoring... (byte = 5)
Unknown msg type, ignoring... (byte = 52)
Unknown msg type, ignoring... (byte = 105)
Unknown msg type, ignoring... (byte = 61)
Unknown msg type, ignoring... (byte = 55)
Unknown msg type, ignoring... (byte = 55)
Unknown msg type, ignoring... (byte = 32)
Unknown msg type, ignoring... (byte = 99)
Unknown msg type, ignoring... (byte = 104)
Unknown msg type, ignoring... (byte = 97)
Unknown msg type, ignoring... (byte = 116)
Unknown msg type, ignoring... (byte = 61)
Unknown msg type, ignoring... (byte = 99)
Unknown msg type, ignoring... (byte = 104)
Unknown msg type, ignoring... (byte = 97)
Unknown msg type, ignoring... (byte = 116)
Unknown msg type, ignoring... (byte = 58)
Unknown msg type, ignoring... (byte = 32)
Unknown msg type, ignoring... (byte = 98)
Unknown msg type, ignoring... (byte = 39)
Unknown msg type, ignoring... (byte = 112)
Unknown msg type, ignoring... (byte = 114)
Unknown msg type, ignoring... (byte = 111)
Unknown msg type, ignoring... (byte = 109)
Unknown msg type, ignoring... (byte = 112)
Unknown msg type, ignoring... (byte = 116)
Unknown msg type, ignoring... (byte = 32)
Unknown msg type, ignoring... (byte = 101)
Unknown msg type, ignoring... (byte = 110)
Unknown msg type, ignoring... (byte = 103)
Unknown msg type, ignoring... (byte = 105)
Unknown msg type, ignoring... (byte = 110)
Unknown msg type, ignoring... (byte = 101)
Unknown msg type, ignoring... (byte = 101)
Unknown msg type, ignoring... (byte = 114)
Unknown msg type, ignoring... (byte = 39)
Unknown msg type, ignoring... (byte = 32)
Unknown msg type, ignoring... (byte = 40)
Unknown msg type, ignoring... (byte = 100)
Unknown msg type, ignoring... (byte = 105)
Unknown msg type, ignoring... (byte = 103)
Unknown msg type, ignoring... (byte = 101)
Unknown msg type, ignoring... (byte = 115)
Unknown msg type, ignoring... (byte = 116)
Unknown msg type, ignoring... (byte = 32)
Unknown msg type, ignoring... (byte = 109)
Unknown msg type, ignoring... (byte = 105)
Unknown msg type, ignoring... (byte = 115)
Unknown msg type, ignoring... (byte = 109)
Unknown msg type, ignoring... (byte = 97)
Unknown msg type, ignoring... (byte = 116)
Unknown msg type, ignoring... (byte = 99)
Unknown msg type, ignoring... (byte = 104)
Unknown msg type, ignoring... (byte = 41)

----------Processing peer list!----------
3 clients:
191.5.86.101
152.255.120.2
191.185.100.220
----------Done processing peerlist!----------

Received PeerRequest, sending list!
Received ArchiveRequest!
Sending archive!
Unknown msg type, ignoring... (byte = 5)
Unknown msg type, ignoring... (byte = 52)
Unknown msg type, ignoring... (byte = 105)
Unknown msg type, ignoring... (byte = 61)
Unknown msg type, ignoring... (byte = 55)
Unknown msg type, ignoring... (byte = 55)
Unknown msg type, ignoring... (byte = 32)
Unknown msg type, ignoring... (byte = 99)
Unknown msg type, ignoring... (byte = 104)
Unknown msg type, ignoring... (byte = 97)
Unknown msg type, ignoring... (byte = 116)
Unknown msg type, ignoring... (byte = 61)
Unknown msg type, ignoring... (byte = 99)
Unknown msg type, ignoring... (byte = 104)
Unknown msg type, ignoring... (byte = 97)
Unknown msg type, ignoring... (byte = 116)
Unknown msg type, ignoring... (byte = 58)
Unknown msg type, ignoring... (byte = 32)
Unknown msg type, ignoring... (byte = 98)
Unknown msg type, ignoring... (byte = 39)
Unknown msg type, ignoring... (byte = 112)
Unknown msg type, ignoring... (byte = 114)
Unknown msg type, ignoring... (byte = 111)
Unknown msg type, ignoring... (byte = 109)
Unknown msg type, ignoring... (byte = 112)
Unknown msg type, ignoring... (byte = 116)
Unknown msg type, ignoring... (byte = 32)
Unknown msg type, ignoring... (byte = 101)
Unknown msg type, ignoring... (byte = 110)
Unknown msg type, ignoring... (byte = 103)
Unknown msg type, ignoring... (byte = 105)
Unknown msg type, ignoring... (byte = 110)
Unknown msg type, ignoring... (byte = 101)
Unknown msg type, ignoring... (byte = 101)
Unknown msg type, ignoring... (byte = 114)
Unknown msg type, ignoring... (byte = 39)
Unknown msg type, ignoring... (byte = 32)
Unknown msg type, ignoring... (byte = 40)
Unknown msg type, ignoring... (byte = 100)
Unknown msg type, ignoring... (byte = 105)
Unknown msg type, ignoring... (byte = 103)
Unknown msg type, ignoring... (byte = 101)
Unknown msg type, ignoring... (byte = 115)
Unknown msg type, ignoring... (byte = 116)
Unknown msg type, ignoring... (byte = 32)
Unknown msg type, ignoring... (byte = 109)
Unknown msg type, ignoring... (byte = 105)
Unknown msg type, ignoring... (byte = 115)
Unknown msg type, ignoring... (byte = 109)
Unknown msg type, ignoring... (byte = 97)
Unknown msg type, ignoring... (byte = 116)
Unknown msg type, ignoring... (byte = 99)
Unknown msg type, ignoring... (byte = 104)
Unknown msg type, ignoring... (byte = 41)

----------Processing peer list!----------
3 clients:
191.5.86.101
152.255.120.2
191.185.100.220
----------Done processing peerlist!----------


----------Processing ArchiveResponse!---------
Number of chats: 98
Content of archive received:
----------Done processing ArchiveResponse!----------

Received PeerRequest, sending list!
Received ArchiveRequest!
Sending archive!
Unknown msg type, ignoring... (byte = 5)
Unknown msg type, ignoring... (byte = 52)
Unknown msg type, ignoring... (byte = 105)
Unknown msg type, ignoring... (byte = 61)
Unknown msg type, ignoring... (byte = 55)
Unknown msg type, ignoring... (byte = 55)
Unknown msg type, ignoring... (byte = 32)
Unknown msg type, ignoring... (byte = 99)
Unknown msg type, ignoring... (byte = 104)
Unknown msg type, ignoring... (byte = 97)
Unknown msg type, ignoring... (byte = 116)
Unknown msg type, ignoring... (byte = 61)
Unknown msg type, ignoring... (byte = 99)
Unknown msg type, ignoring... (byte = 104)
Unknown msg type, ignoring... (byte = 97)
Unknown msg type, ignoring... (byte = 116)
Unknown msg type, ignoring... (byte = 58)
Unknown msg type, ignoring... (byte = 32)
Unknown msg type, ignoring... (byte = 98)
Unknown msg type, ignoring... (byte = 39)
Unknown msg type, ignoring... (byte = 112)
Unknown msg type, ignoring... (byte = 114)
Unknown msg type, ignoring... (byte = 111)
Unknown msg type, ignoring... (byte = 109)
Unknown msg type, ignoring... (byte = 112)
Unknown msg type, ignoring... (byte = 116)
Unknown msg type, ignoring... (byte = 32)
Unknown msg type, ignoring... (byte = 101)
Unknown msg type, ignoring... (byte = 110)
Unknown msg type, ignoring... (byte = 103)
Unknown msg type, ignoring... (byte = 105)
Unknown msg type, ignoring... (byte = 110)
Unknown msg type, ignoring... (byte = 101)
Unknown msg type, ignoring... (byte = 101)
Unknown msg type, ignoring... (byte = 114)
Unknown msg type, ignoring... (byte = 39)
Unknown msg type, ignoring... (byte = 32)
Unknown msg type, ignoring... (byte = 40)
Unknown msg type, ignoring... (byte = 100)
Unknown msg type, ignoring... (byte = 105)
Unknown msg type, ignoring... (byte = 103)
Unknown msg type, ignoring... (byte = 101)
Unknown msg type, ignoring... (byte = 115)
Unknown msg type, ignoring... (byte = 116)
Unknown msg type, ignoring... (byte = 32)
Unknown msg type, ignoring... (byte = 109)
Unknown msg type, ignoring... (byte = 105)
Unknown msg type, ignoring... (byte = 115)
Unknown msg type, ignoring... (byte = 109)
Unknown msg type, ignoring... (byte = 97)
Unknown msg type, ignoring... (byte = 116)
Unknown msg type, ignoring... (byte = 99)
Unknown msg type, ignoring... (byte = 104)
Unknown msg type, ignoring... (byte = 41)

----------Processing peer list!----------
3 clients:
191.5.86.101
152.255.120.2
191.185.100.220
----------Done processing peerlist!----------

Received PeerRequest, sending list!
Received ArchiveRequest!
Sending archive!
Unknown msg type, ignoring... (byte = 5)
Unknown msg type, ignoring... (byte = 52)
Unknown msg type, ignoring... (byte = 105)
Unknown msg type, ignoring... (byte = 61)
Unknown msg type, ignoring... (byte = 55)
Unknown msg type, ignoring... (byte = 55)
Unknown msg type, ignoring... (byte = 32)
Unknown msg type, ignoring... (byte = 99)
Unknown msg type, ignoring... (byte = 104)
Unknown msg type, ignoring... (byte = 97)
Unknown msg type, ignoring... (byte = 116)
Unknown msg type, ignoring... (byte = 61)
Unknown msg type, ignoring... (byte = 99)
Unknown msg type, ignoring... (byte = 104)
Unknown msg type, ignoring... (byte = 97)
Unknown msg type, ignoring... (byte = 116)
Unknown msg type, ignoring... (byte = 58)
Unknown msg type, ignoring... (byte = 32)
Unknown msg type, ignoring... (byte = 98)
Unknown msg type, ignoring... (byte = 39)
Unknown msg type, ignoring... (byte = 112)
Unknown msg type, ignoring... (byte = 114)
Unknown msg type, ignoring... (byte = 111)
Unknown msg type, ignoring... (byte = 109)
Unknown msg type, ignoring... (byte = 112)
Unknown msg type, ignoring... (byte = 116)
Unknown msg type, ignoring... (byte = 32)
Unknown msg type, ignoring... (byte = 101)
Unknown msg type, ignoring... (byte = 110)
Unknown msg type, ignoring... (byte = 103)
Unknown msg type, ignoring... (byte = 105)
Unknown msg type, ignoring... (byte = 110)
Unknown msg type, ignoring... (byte = 101)
Unknown msg type, ignoring... (byte = 101)
Unknown msg type, ignoring... (byte = 114)
Unknown msg type, ignoring... (byte = 39)
Unknown msg type, ignoring... (byte = 32)
Unknown msg type, ignoring... (byte = 40)
Unknown msg type, ignoring... (byte = 100)
Unknown msg type, ignoring... (byte = 105)
Unknown msg type, ignoring... (byte = 103)
Unknown msg type, ignoring... (byte = 101)
Unknown msg type, ignoring... (byte = 115)
Unknown msg type, ignoring... (byte = 116)
Unknown msg type, ignoring... (byte = 32)
Unknown msg type, ignoring... (byte = 109)
Unknown msg type, ignoring... (byte = 105)
Unknown msg type, ignoring... (byte = 115)
Unknown msg type, ignoring... (byte = 109)
Unknown msg type, ignoring... (byte = 97)
Unknown msg type, ignoring... (byte = 116)
Unknown msg type, ignoring... (byte = 99)
Unknown msg type, ignoring... (byte = 104)
Unknown msg type, ignoring... (byte = 41)

----------Processing peer list!----------
3 clients:
191.5.86.101
152.255.120.2
191.185.100.220
----------Done processing peerlist!----------

Received PeerRequest, sending list!
Received ArchiveRequest!
Sending archive!
Unknown msg type, ignoring... (byte = 5)
Unknown msg type, ignoring... (byte = 52)
Unknown msg type, ignoring... (byte = 105)
Unknown msg type, ignoring... (byte = 61)
Unknown msg type, ignoring... (byte = 55)
Unknown msg type, ignoring... (byte = 55)
Unknown msg type, ignoring... (byte = 32)
Unknown msg type, ignoring... (byte = 99)
Unknown msg type, ignoring... (byte = 104)
Unknown msg type, ignoring... (byte = 97)
Unknown msg type, ignoring... (byte = 116)
Unknown msg type, ignoring... (byte = 61)
Unknown msg type, ignoring... (byte = 99)
Unknown msg type, ignoring... (byte = 104)
Unknown msg type, ignoring... (byte = 97)
Unknown msg type, ignoring... (byte = 116)
Unknown msg type, ignoring... (byte = 58)
Unknown msg type, ignoring... (byte = 32)
Unknown msg type, ignoring... (byte = 98)
Unknown msg type, ignoring... (byte = 39)
Unknown msg type, ignoring... (byte = 112)
Unknown msg type, ignoring... (byte = 114)
Unknown msg type, ignoring... (byte = 111)
Unknown msg type, ignoring... (byte = 109)
Unknown msg type, ignoring... (byte = 112)
Unknown msg type, ignoring... (byte = 116)
Unknown msg type, ignoring... (byte = 32)
Unknown msg type, ignoring... (byte = 101)
Unknown msg type, ignoring... (byte = 110)
Unknown msg type, ignoring... (byte = 103)
Unknown msg type, ignoring... (byte = 105)
Unknown msg type, ignoring... (byte = 110)
Unknown msg type, ignoring... (byte = 101)
Unknown msg type, ignoring... (byte = 101)
Unknown msg type, ignoring... (byte = 114)
Unknown msg type, ignoring... (byte = 39)
Unknown msg type, ignoring... (byte = 32)
Unknown msg type, ignoring... (byte = 40)
Unknown msg type, ignoring... (byte = 100)
Unknown msg type, ignoring... (byte = 105)
Unknown msg type, ignoring... (byte = 103)
Unknown msg type, ignoring... (byte = 101)
Unknown msg type, ignoring... (byte = 115)
Unknown msg type, ignoring... (byte = 116)
Unknown msg type, ignoring... (byte = 32)
Unknown msg type, ignoring... (byte = 109)
Unknown msg type, ignoring... (byte = 105)
Unknown msg type, ignoring... (byte = 115)
Unknown msg type, ignoring... (byte = 109)
Unknown msg type, ignoring... (byte = 97)
Unknown msg type, ignoring... (byte = 116)
Unknown msg type, ignoring... (byte = 99)
Unknown msg type, ignoring... (byte = 104)
Unknown msg type, ignoring... (byte = 41)

----------Processing peer list!----------
3 clients:
191.5.86.101
152.255.120.2
191.185.100.220
----------Done processing peerlist!----------

Received PeerRequest, sending list!
Received ArchiveRequest!
Sending archive!
Unknown msg type, ignoring... (byte = 5)
Unknown msg type, ignoring... (byte = 52)
Unknown msg type, ignoring... (byte = 105)
Unknown msg type, ignoring... (byte = 61)
Unknown msg type, ignoring... (byte = 55)
Unknown msg type, ignoring... (byte = 55)
Unknown msg type, ignoring... (byte = 32)
Unknown msg type, ignoring... (byte = 99)
Unknown msg type, ignoring... (byte = 104)
Unknown msg type, ignoring... (byte = 97)
Unknown msg type, ignoring... (byte = 116)
Unknown msg type, ignoring... (byte = 61)
Unknown msg type, ignoring... (byte = 99)
Unknown msg type, ignoring... (byte = 104)
Unknown msg type, ignoring... (byte = 97)
Unknown msg type, ignoring... (byte = 116)
Unknown msg type, ignoring... (byte = 58)
Unknown msg type, ignoring... (byte = 32)
Unknown msg type, ignoring... (byte = 98)
Unknown msg type, ignoring... (byte = 39)
Unknown msg type, ignoring... (byte = 112)
Unknown msg type, ignoring... (byte = 114)
Unknown msg type, ignoring... (byte = 111)
Unknown msg type, ignoring... (byte = 109)
Unknown msg type, ignoring... (byte = 112)
Unknown msg type, ignoring... (byte = 116)
Unknown msg type, ignoring... (byte = 32)
Unknown msg type, ignoring... (byte = 101)
Unknown msg type, ignoring... (byte = 110)
Unknown msg type, ignoring... (byte = 103)
Unknown msg type, ignoring... (byte = 105)
Unknown msg type, ignoring... (byte = 110)
Unknown msg type, ignoring... (byte = 101)
Unknown msg type, ignoring... (byte = 101)
Unknown msg type, ignoring... (byte = 114)
Unknown msg type, ignoring... (byte = 39)
Unknown msg type, ignoring... (byte = 32)
Unknown msg type, ignoring... (byte = 40)
Unknown msg type, ignoring... (byte = 100)
Unknown msg type, ignoring... (byte = 105)
Unknown msg type, ignoring... (byte = 103)
Unknown msg type, ignoring... (byte = 101)
Unknown msg type, ignoring... (byte = 115)
Unknown msg type, ignoring... (byte = 116)
Unknown msg type, ignoring... (byte = 32)
Unknown msg type, ignoring... (byte = 109)
Unknown msg type, ignoring... (byte = 105)
Unknown msg type, ignoring... (byte = 115)
Unknown msg type, ignoring... (byte = 109)
Unknown msg type, ignoring... (byte = 97)
Unknown msg type, ignoring... (byte = 116)
Unknown msg type, ignoring... (byte = 99)
Unknown msg type, ignoring... (byte = 104)
Unknown msg type, ignoring... (byte = 41)

----------Processing peer list!----------
3 clients:
191.5.86.101
152.255.120.2
191.185.100.220
----------Done processing peerlist!----------

Received PeerRequest, sending list!
Received ArchiveRequest!
Sending archive!
Unknown msg type, ignoring... (byte = 5)
Unknown msg type, ignoring... (byte = 52)
Unknown msg type, ignoring... (byte = 105)
Unknown msg type, ignoring... (byte = 61)
Unknown msg type, ignoring... (byte = 55)
Unknown msg type, ignoring... (byte = 55)
Unknown msg type, ignoring... (byte = 32)
Unknown msg type, ignoring... (byte = 99)
Unknown msg type, ignoring... (byte = 104)
Unknown msg type, ignoring... (byte = 97)
Unknown msg type, ignoring... (byte = 116)
Unknown msg type, ignoring... (byte = 61)
Unknown msg type, ignoring... (byte = 99)
Unknown msg type, ignoring... (byte = 104)
Unknown msg type, ignoring... (byte = 97)
Unknown msg type, ignoring... (byte = 116)
Unknown msg type, ignoring... (byte = 58)
Unknown msg type, ignoring... (byte = 32)
Unknown msg type, ignoring... (byte = 98)
Unknown msg type, ignoring... (byte = 39)
Unknown msg type, ignoring... (byte = 112)
Unknown msg type, ignoring... (byte = 114)
Unknown msg type, ignoring... (byte = 111)
Unknown msg type, ignoring... (byte = 109)
Unknown msg type, ignoring... (byte = 112)
Unknown msg type, ignoring... (byte = 116)
Unknown msg type, ignoring... (byte = 32)
Unknown msg type, ignoring... (byte = 101)
Unknown msg type, ignoring... (byte = 110)
Unknown msg type, ignoring... (byte = 103)
Unknown msg type, ignoring... (byte = 105)
Unknown msg type, ignoring... (byte = 110)
Unknown msg type, ignoring... (byte = 101)
Unknown msg type, ignoring... (byte = 101)
Unknown msg type, ignoring... (byte = 114)
Unknown msg type, ignoring... (byte = 39)
Unknown msg type, ignoring... (byte = 32)
Unknown msg type, ignoring... (byte = 40)
Unknown msg type, ignoring... (byte = 100)
Unknown msg type, ignoring... (byte = 105)
Unknown msg type, ignoring... (byte = 103)
Unknown msg type, ignoring... (byte = 101)
Unknown msg type, ignoring... (byte = 115)
Unknown msg type, ignoring... (byte = 116)
Unknown msg type, ignoring... (byte = 32)
Unknown msg type, ignoring... (byte = 109)
Unknown msg type, ignoring... (byte = 105)
Unknown msg type, ignoring... (byte = 115)
Unknown msg type, ignoring... (byte = 109)
Unknown msg type, ignoring... (byte = 97)
Unknown msg type, ignoring... (byte = 116)
Unknown msg type, ignoring... (byte = 99)
Unknown msg type, ignoring... (byte = 104)
Unknown msg type, ignoring... (byte = 41)

----------Processing peer list!----------
3 clients:
191.5.86.101
152.255.120.2
191.185.100.220
----------Done processing peerlist!----------

Received PeerRequest, sending list!
Received ArchiveRequest!
Sending archive!
Unknown msg type, ignoring... (byte = 5)
Unknown msg type, ignoring... (byte = 52)
Unknown msg type, ignoring... (byte = 105)
Unknown msg type, ignoring... (byte = 61)
Unknown msg type, ignoring... (byte = 55)
Unknown msg type, ignoring... (byte = 55)
Unknown msg type, ignoring... (byte = 32)
Unknown msg type, ignoring... (byte = 99)
Unknown msg type, ignoring... (byte = 104)
Unknown msg type, ignoring... (byte = 97)
Unknown msg type, ignoring... (byte = 116)
Unknown msg type, ignoring... (byte = 61)
Unknown msg type, ignoring... (byte = 99)
Unknown msg type, ignoring... (byte = 104)
Unknown msg type, ignoring... (byte = 97)
Unknown msg type, ignoring... (byte = 116)
Unknown msg type, ignoring... (byte = 58)
Unknown msg type, ignoring... (byte = 32)
Unknown msg type, ignoring... (byte = 98)
Unknown msg type, ignoring... (byte = 39)
Unknown msg type, ignoring... (byte = 112)
Unknown msg type, ignoring... (byte = 114)
Unknown msg type, ignoring... (byte = 111)
Unknown msg type, ignoring... (byte = 109)
Unknown msg type, ignoring... (byte = 112)
Unknown msg type, ignoring... (byte = 116)
Unknown msg type, ignoring... (byte = 32)
Unknown msg type, ignoring... (byte = 101)
Unknown msg type, ignoring... (byte = 110)
Unknown msg type, ignoring... (byte = 103)
Unknown msg type, ignoring... (byte = 105)
Unknown msg type, ignoring... (byte = 110)
Unknown msg type, ignoring... (byte = 101)
Unknown msg type, ignoring... (byte = 101)
Unknown msg type, ignoring... (byte = 114)
Unknown msg type, ignoring... (byte = 39)
Unknown msg type, ignoring... (byte = 32)
Unknown msg type, ignoring... (byte = 40)
Unknown msg type, ignoring... (byte = 100)
Unknown msg type, ignoring... (byte = 105)
Unknown msg type, ignoring... (byte = 103)
Unknown msg type, ignoring... (byte = 101)
Unknown msg type, ignoring... (byte = 115)
Unknown msg type, ignoring... (byte = 116)
Unknown msg type, ignoring... (byte = 32)
Unknown msg type, ignoring... (byte = 109)
Unknown msg type, ignoring... (byte = 105)
Unknown msg type, ignoring... (byte = 115)
Unknown msg type, ignoring... (byte = 109)
Unknown msg type, ignoring... (byte = 97)
Unknown msg type, ignoring... (byte = 116)
Unknown msg type, ignoring... (byte = 99)
Unknown msg type, ignoring... (byte = 104)
Unknown msg type, ignoring... (byte = 41)

----------Processing peer list!----------
3 clients:
191.5.86.101
152.255.120.2
191.185.100.220
----------Done processing peerlist!----------

Received PeerRequest, sending list!
Received ArchiveRequest!
Sending archive!
Unknown msg type, ignoring... (byte = 5)
Unknown msg type, ignoring... (byte = 52)
Unknown msg type, ignoring... (byte = 105)
Unknown msg type, ignoring... (byte = 61)
Unknown msg type, ignoring... (byte = 55)
Unknown msg type, ignoring... (byte = 55)
Unknown msg type, ignoring... (byte = 32)
Unknown msg type, ignoring... (byte = 99)
Unknown msg type, ignoring... (byte = 104)
Unknown msg type, ignoring... (byte = 97)
Unknown msg type, ignoring... (byte = 116)
Unknown msg type, ignoring... (byte = 61)
Unknown msg type, ignoring... (byte = 99)
Unknown msg type, ignoring... (byte = 104)
Unknown msg type, ignoring... (byte = 97)
Unknown msg type, ignoring... (byte = 116)
Unknown msg type, ignoring... (byte = 58)
Unknown msg type, ignoring... (byte = 32)
Unknown msg type, ignoring... (byte = 98)
Unknown msg type, ignoring... (byte = 39)
Unknown msg type, ignoring... (byte = 112)
Unknown msg type, ignoring... (byte = 114)
Unknown msg type, ignoring... (byte = 111)
Unknown msg type, ignoring... (byte = 109)
Unknown msg type, ignoring... (byte = 112)
Unknown msg type, ignoring... (byte = 116)
Unknown msg type, ignoring... (byte = 32)
Unknown msg type, ignoring... (byte = 101)
Unknown msg type, ignoring... (byte = 110)
Unknown msg type, ignoring... (byte = 103)
Unknown msg type, ignoring... (byte = 105)
Unknown msg type, ignoring... (byte = 110)
Unknown msg type, ignoring... (byte = 101)
Unknown msg type, ignoring... (byte = 101)
Unknown msg type, ignoring... (byte = 114)
Unknown msg type, ignoring... (byte = 39)
Unknown msg type, ignoring... (byte = 32)
Unknown msg type, ignoring... (byte = 40)
Unknown msg type, ignoring... (byte = 100)
Unknown msg type, ignoring... (byte = 105)
Unknown msg type, ignoring... (byte = 103)
Unknown msg type, ignoring... (byte = 101)
Unknown msg type, ignoring... (byte = 115)
Unknown msg type, ignoring... (byte = 116)
Unknown msg type, ignoring... (byte = 32)
Unknown msg type, ignoring... (byte = 109)
Unknown msg type, ignoring... (byte = 105)
Unknown msg type, ignoring... (byte = 115)
Unknown msg type, ignoring... (byte = 109)
Unknown msg type, ignoring... (byte = 97)
Unknown msg type, ignoring... (byte = 116)
Unknown msg type, ignoring... (byte = 99)
Unknown msg type, ignoring... (byte = 104)
Unknown msg type, ignoring... (byte = 41)

----------Processing peer list!----------
3 clients:
191.5.86.101
152.255.120.2
191.185.100.220
----------Done processing peerlist!----------

Received PeerRequest, sending list!
Received ArchiveRequest!
Sending archive!
Unknown msg type, ignoring... (byte = 5)
Unknown msg type, ignoring... (byte = 52)
Unknown msg type, ignoring... (byte = 105)
Unknown msg type, ignoring... (byte = 61)
Unknown msg type, ignoring... (byte = 55)
Unknown msg type, ignoring... (byte = 55)
Unknown msg type, ignoring... (byte = 32)
Unknown msg type, ignoring... (byte = 99)
Unknown msg type, ignoring... (byte = 104)
Unknown msg type, ignoring... (byte = 97)
Unknown msg type, ignoring... (byte = 116)
Unknown msg type, ignoring... (byte = 61)
Unknown msg type, ignoring... (byte = 99)
Unknown msg type, ignoring... (byte = 104)
Unknown msg type, ignoring... (byte = 97)
Unknown msg type, ignoring... (byte = 116)
Unknown msg type, ignoring... (byte = 58)
Unknown msg type, ignoring... (byte = 32)
Unknown msg type, ignoring... (byte = 98)
Unknown msg type, ignoring... (byte = 39)
Unknown msg type, ignoring... (byte = 112)
Unknown msg type, ignoring... (byte = 114)
Unknown msg type, ignoring... (byte = 111)
Unknown msg type, ignoring... (byte = 109)
Unknown msg type, ignoring... (byte = 112)
Unknown msg type, ignoring... (byte = 116)
Unknown msg type, ignoring... (byte = 32)
Unknown msg type, ignoring... (byte = 101)
Unknown msg type, ignoring... (byte = 110)
Unknown msg type, ignoring... (byte = 103)
Unknown msg type, ignoring... (byte = 105)
